<?xml version="1.0" encoding="UTF-8"?>
<testng-results skipped="0" failed="0" total="1" passed="1">
  <reporter-output>
    <line>
      <![CDATA[pass test valid user]]>
    </line>
  </reporter-output>
  <suite name="Default suite" duration-ms="14313" started-at="2021-03-15T07:15:56Z" finished-at="2021-03-15T07:16:10Z">
    <groups>
    </groups>
    <test name="Default test" duration-ms="14313" started-at="2021-03-15T07:15:56Z" finished-at="2021-03-15T07:16:10Z">
      <class name="com.orangehrm.test.TestLogin">
        <test-method status="PASS" signature="openBrowser()[pri:0, instance:com.orangehrm.test.TestLogin@61832929]" name="openBrowser" is-config="true" duration-ms="1855" started-at="2021-03-15T12:45:56Z" finished-at="2021-03-15T12:45:58Z">
          <reporter-output>
          </reporter-output>
        </test-method> <!-- openBrowser -->
        <test-method status="PASS" signature="login()[pri:0, instance:com.orangehrm.test.TestLogin@61832929]" name="login" is-config="true" duration-ms="12356" started-at="2021-03-15T12:45:58Z" finished-at="2021-03-15T12:46:10Z">
          <reporter-output>
          </reporter-output>
        </test-method> <!-- login -->
        <test-method status="PASS" signature="validateLogin()[pri:0, instance:com.orangehrm.test.TestLogin@61832929]" name="validateLogin" duration-ms="9" started-at="2021-03-15T12:46:10Z" finished-at="2021-03-15T12:46:10Z">
          <reporter-output>
            <line>
              <![CDATA[pass test valid user]]>
            </line>
          </reporter-output>
        </test-method> <!-- validateLogin -->
        <test-method status="PASS" signature="closeBrowser()[pri:0, instance:com.orangehrm.test.TestLogin@61832929]" name="closeBrowser" is-config="true" duration-ms="89" started-at="2021-03-15T12:46:10Z" finished-at="2021-03-15T12:46:10Z">
          <reporter-output>
          </reporter-output>
        </test-method> <!-- closeBrowser -->
        <test-method status="PASS" signature="logout()[pri:0, instance:com.orangehrm.test.TestLogin@61832929]" name="logout" is-config="true" duration-ms="0" started-at="2021-03-15T12:46:10Z" finished-at="2021-03-15T12:46:10Z">
          <reporter-output>
          </reporter-output>
        </test-method> <!-- logout -->
      </class> <!-- com.orangehrm.test.TestLogin -->
    </test> <!-- Default test -->
  </suite> <!-- Default suite -->
</testng-results>
